<?xml version="1.0" encoding="UTF-8"?>
<testsuite xmlns:xsi="http://www.w3.org/2001/XMLSchema-instance" xsi:noNamespaceSchemaLocation="https://maven.apache.org/surefire/maven-surefire-plugin/xsd/surefire-test-report-3.0.xsd" version="3.0" name="com.luv2code.springboot.cruddemo.CruddemoApplicationTests" time="9.639" tests="1" errors="0" skipped="0" failures="0">
  <properties>
[...]
</properties>
  <testcase name="contextLoads" classname="com.luv2code.springboot.cruddemo.CruddemoApplicationTests" time="0.918">
    <system-out><![CDATA[21:37:15.482 [main] INFO org.springframework.test.context.support.AnnotationConfigContextLoaderUtils -- Could not detect default configuration classes for test class [com.luv2code.springboot.cruddemo.CruddemoApplicationTests]: CruddemoApplicationTests does not declare any static, non-private, non-final, nested classes annotated with @Configuration.
21:37:15.719 [main] INFO org.springframework.boot.test.context.SpringBootTestContextBootstrapper -- Found @SpringBootConfiguration com.luv2code.springboot.cruddemo.CruddemoApplication for test class com.luv2code.springboot.cruddemo.CruddemoApplicationTests
21:37:16.082 [main] INFO org.springframework.boot.devtools.restart.RestartApplicationListener -- Restart disabled due to context in which it is running

  .   ____          _            __ _ _
 /\\ / ___'_ __ _ _(_)_ __  __ _ \ \ \ \
( ( )\___ | '_ | '_| | '_ \/ _` | \ \ \ \
 \\/  ___)| |_)| | | | | || (_| |  ) ) ) )
  '  |____| .__|_| |_|_| |_\__, | / / / /
 =========|_|==============|___/=/_/_/_/
 :: Spring Boot ::                (v3.1.9)

2024-03-12T21:37:16.596-07:00  INFO 83834 --- [           main] c.l.s.cruddemo.CruddemoApplicationTests  : Starting CruddemoApplicationTests using Java 19.0.2 with PID 83834 (started by macbook in /Users/macbook/dev-spring-boot/05-spring-boot-rest-security/00-spring-boot-rest-security-employee-starter-code)
2024-03-12T21:37:16.601-07:00  INFO 83834 --- [           main] c.l.s.cruddemo.CruddemoApplicationTests  : No active profile set, falling back to 1 default profile: "default"
2024-03-12T21:37:18.044-07:00  INFO 83834 --- [           main] .s.d.r.c.RepositoryConfigurationDelegate : Bootstrapping Spring Data JPA repositories in DEFAULT mode.
2024-03-12T21:37:18.162-07:00  INFO 83834 --- [           main] .s.d.r.c.RepositoryConfigurationDelegate : Finished Spring Data repository scanning in 99 ms. Found 1 JPA repository interface.
2024-03-12T21:37:19.069-07:00  INFO 83834 --- [           main] o.hibernate.jpa.internal.util.LogHelper  : HHH000204: Processing PersistenceUnitInfo [name: default]
2024-03-12T21:37:19.191-07:00  INFO 83834 --- [           main] org.hibernate.Version                    : HHH000412: Hibernate ORM core version 6.2.22.Final
2024-03-12T21:37:19.194-07:00  INFO 83834 --- [           main] org.hibernate.cfg.Environment            : HHH000406: Using bytecode reflection optimizer
2024-03-12T21:37:19.728-07:00  INFO 83834 --- [           main] o.s.o.j.p.SpringPersistenceUnitInfo      : No LoadTimeWeaver setup: ignoring JPA class transformer
2024-03-12T21:37:19.781-07:00  INFO 83834 --- [           main] com.zaxxer.hikari.HikariDataSource       : HikariPool-1 - Starting...
2024-03-12T21:37:20.073-07:00  INFO 83834 --- [           main] com.zaxxer.hikari.pool.HikariPool        : HikariPool-1 - Added connection org.postgresql.jdbc.PgConnection@77c66a4f
2024-03-12T21:37:20.076-07:00  INFO 83834 --- [           main] com.zaxxer.hikari.HikariDataSource       : HikariPool-1 - Start completed.
2024-03-12T21:37:20.132-07:00  WARN 83834 --- [           main] org.hibernate.orm.deprecation            : HHH90000025: PostgreSQLDialect does not need to be specified explicitly using 'hibernate.dialect' (remove the property setting and it will be selected by default)
2024-03-12T21:37:21.573-07:00  INFO 83834 --- [           main] o.h.e.t.j.p.i.JtaPlatformInitiator       : HHH000489: No JTA platform available (set 'hibernate.transaction.jta.platform' to enable JTA platform integration)
2024-03-12T21:37:21.740-07:00  INFO 83834 --- [           main] j.LocalContainerEntityManagerFactoryBean : Initialized JPA EntityManagerFactory for persistence unit 'default'
2024-03-12T21:37:22.406-07:00  WARN 83834 --- [           main] JpaBaseConfiguration$JpaWebConfiguration : spring.jpa.open-in-view is enabled by default. Therefore, database queries may be performed during view rendering. Explicitly configure spring.jpa.open-in-view to disable this warning
2024-03-12T21:37:23.427-07:00  WARN 83834 --- [           main] .s.s.UserDetailsServiceAutoConfiguration : 

Using generated security password: 385fa5a8-a972-446a-a679-a47622e4dbcb

This generated password is for development use only. Your security configuration must be updated before running your application in production.

2024-03-12T21:37:23.714-07:00  INFO 83834 --- [           main] o.s.s.web.DefaultSecurityFilterChain     : Will secure any request with [org.springframework.security.web.session.DisableEncodeUrlFilter@ecb8b3e, org.springframework.security.web.context.request.async.WebAsyncManagerIntegrationFilter@7e764e5c, org.springframework.security.web.context.SecurityContextHolderFilter@2bed5828, org.springframework.security.web.header.HeaderWriterFilter@24bba1b7, org.springframework.security.web.csrf.CsrfFilter@135a8808, org.springframework.security.web.authentication.logout.LogoutFilter@1e4b70c6, org.springframework.security.web.authentication.UsernamePasswordAuthenticationFilter@477e5b69, org.springframework.security.web.authentication.ui.DefaultLoginPageGeneratingFilter@23909b3, org.springframework.security.web.authentication.ui.DefaultLogoutPageGeneratingFilter@42457891, org.springframework.security.web.authentication.www.BasicAuthenticationFilter@50841932, org.springframework.security.web.savedrequest.RequestCacheAwareFilter@7c0035dd, org.springframework.security.web.servletapi.SecurityContextHolderAwareRequestFilter@29c76d75, org.springframework.security.web.authentication.AnonymousAuthenticationFilter@92de794, org.springframework.security.web.access.ExceptionTranslationFilter@663e1144, org.springframework.security.web.access.intercept.AuthorizationFilter@c931728]
2024-03-12T21:37:23.796-07:00  INFO 83834 --- [           main] c.l.s.cruddemo.CruddemoApplicationTests  : Started CruddemoApplicationTests in 7.739 seconds (process running for 9.667)
]]></system-out>
  </testcase>
</testsuite>